<?xml version="1.0" encoding="utf-8"?>
<CoverageSession xmlns:xsd="http://www.w3.org/2001/XMLSchema" xmlns:xsi="http://www.w3.org/2001/XMLSchema-instance">
  <Summary numSequencePoints="175" visitedSequencePoints="29" numBranchPoints="33" visitedBranchPoints="7" sequenceCoverage="16.57" branchCoverage="21.21" maxCyclomaticComplexity="3" minCyclomaticComplexity="1" />
  <Modules>
    <Module skippedDueTo="Filter" hash="31-EE-36-50-10-5C-79-36-FD-D4-60-AE-37-54-84-07-84-85-A5-53">
      <FullName>C:\WINDOWS\Microsoft.Net\assembly\GAC_32\mscorlib\v4.0_4.0.0.0__b77a5c561934e089\mscorlib.dll</FullName>
      <ModuleName>mscorlib</ModuleName>
      <Classes />
    </Module>
    <Module skippedDueTo="MissingPdb" hash="37-80-BE-DC-A8-79-2C-78-4A-75-9F-D4-19-B1-3A-5A-48-3E-CA-03">
      <FullName>C:\Program Files (x86)\SharpDevelop\5.0\bin\Tools\NUnit\nunit-console-x86.exe</FullName>
      <ModuleName>nunit-console</ModuleName>
      <Classes />
    </Module>
    <Module skippedDueTo="MissingPdb" hash="33-E1-CA-24-52-5A-B7-C7-C4-AF-91-2C-A9-4A-C0-37-67-0D-5B-FE">
      <FullName>C:\Program Files (x86)\SharpDevelop\5.0\bin\Tools\NUnit\lib\nunit.core.dll</FullName>
      <ModuleName>nunit.core</ModuleName>
      <Classes />
    </Module>
    <Module skippedDueTo="MissingPdb" hash="2A-C4-E5-DE-F3-EE-AD-84-E1-65-84-CC-15-90-76-96-E7-01-44-4E">
      <FullName>C:\Program Files (x86)\SharpDevelop\5.0\bin\Tools\NUnit\lib\nunit-console-runner.dll</FullName>
      <ModuleName>nunit-console-runner</ModuleName>
      <Classes />
    </Module>
    <Module skippedDueTo="MissingPdb" hash="74-74-F6-87-59-E1-5F-4F-5F-5E-6E-82-50-E8-E2-46-D4-86-15-76">
      <FullName>C:\Program Files (x86)\SharpDevelop\5.0\bin\Tools\NUnit\lib\nunit.util.dll</FullName>
      <ModuleName>nunit.util</ModuleName>
      <Classes />
    </Module>
    <Module skippedDueTo="MissingPdb" hash="D3-A4-4D-85-55-F7-CE-EF-A5-90-AA-EF-58-E0-9F-B6-CC-27-99-53">
      <FullName>C:\Program Files (x86)\SharpDevelop\5.0\bin\Tools\NUnit\lib\nunit.core.interfaces.dll</FullName>
      <ModuleName>nunit.core.interfaces</ModuleName>
      <Classes />
    </Module>
    <Module skippedDueTo="Filter" hash="62-13-DF-BA-4D-76-38-3A-FE-E9-5E-D8-6C-07-CC-1D-A2-DE-73-52">
      <FullName>C:\WINDOWS\Microsoft.Net\assembly\GAC_MSIL\System.Configuration\v4.0_4.0.0.0__b03f5f7f11d50a3a\System.Configuration.dll</FullName>
      <ModuleName>System.Configuration</ModuleName>
      <Classes />
    </Module>
    <Module skippedDueTo="Filter" hash="CB-7B-C7-A0-09-0F-BA-F4-8A-02-A9-E9-2A-7B-43-34-93-46-0F-58">
      <FullName>C:\WINDOWS\Microsoft.Net\assembly\GAC_MSIL\System\v4.0_4.0.0.0__b77a5c561934e089\System.dll</FullName>
      <ModuleName>System</ModuleName>
      <Classes />
    </Module>
    <Module skippedDueTo="Filter" hash="58-2A-4C-0C-25-69-3C-E5-E8-8F-0E-35-DB-19-D0-78-0E-D1-10-FA">
      <FullName>C:\WINDOWS\Microsoft.Net\assembly\GAC_MSIL\System.Xml\v4.0_4.0.0.0__b77a5c561934e089\System.Xml.dll</FullName>
      <ModuleName>System.Xml</ModuleName>
      <Classes />
    </Module>
    <Module skippedDueTo="Filter" hash="95-C2-7F-29-1B-5E-88-C5-62-B1-37-09-E1-F0-97-D4-51-18-8D-2E">
      <FullName>C:\WINDOWS\Microsoft.Net\assembly\GAC_MSIL\System.Runtime.Remoting\v4.0_4.0.0.0__b77a5c561934e089\System.Runtime.Remoting.dll</FullName>
      <ModuleName>System.Runtime.Remoting</ModuleName>
      <Classes />
    </Module>
    <Module skippedDueTo="Filter" hash="00-E4-8B-23-28-1E-7A-F6-0F-D2-F5-0F-0B-97-50-BC-55-63-B2-9D">
      <FullName>C:\WINDOWS\Microsoft.Net\assembly\GAC_MSIL\System.Core\v4.0_4.0.0.0__b77a5c561934e089\System.Core.dll</FullName>
      <ModuleName>System.Core</ModuleName>
      <Classes />
    </Module>
    <Module skippedDueTo="Filter" hash="AC-8D-2E-2D-44-55-0E-D7-14-29-F9-07-26-4D-53-3F-B4-22-6E-CD">
      <FullName>C:\WINDOWS\Microsoft.Net\assembly\GAC_MSIL\mscorlib.resources\v4.0_4.0.0.0_zh-Hans_b77a5c561934e089\mscorlib.resources.dll</FullName>
      <ModuleName>mscorlib.resources</ModuleName>
      <Classes />
    </Module>
    <Module skippedDueTo="MissingPdb" hash="33-E1-CA-24-52-5A-B7-C7-C4-AF-91-2C-A9-4A-C0-37-67-0D-5B-FE">
      <FullName>C:\Program Files (x86)\SharpDevelop\5.0\bin\Tools\NUnit\lib\nunit.core.dll</FullName>
      <ModuleName>nunit.core</ModuleName>
      <Classes />
    </Module>
    <Module skippedDueTo="Filter" hash="CB-7B-C7-A0-09-0F-BA-F4-8A-02-A9-E9-2A-7B-43-34-93-46-0F-58">
      <FullName>C:\WINDOWS\Microsoft.Net\assembly\GAC_MSIL\System\v4.0_4.0.0.0__b77a5c561934e089\System.dll</FullName>
      <ModuleName>System</ModuleName>
      <Classes />
    </Module>
    <Module skippedDueTo="Filter" hash="58-2A-4C-0C-25-69-3C-E5-E8-8F-0E-35-DB-19-D0-78-0E-D1-10-FA">
      <FullName>C:\WINDOWS\Microsoft.Net\assembly\GAC_MSIL\System.Xml\v4.0_4.0.0.0__b77a5c561934e089\System.Xml.dll</FullName>
      <ModuleName>System.Xml</ModuleName>
      <Classes />
    </Module>
    <Module skippedDueTo="MissingPdb" hash="D3-A4-4D-85-55-F7-CE-EF-A5-90-AA-EF-58-E0-9F-B6-CC-27-99-53">
      <FullName>C:\Program Files (x86)\SharpDevelop\5.0\bin\Tools\NUnit\lib\nunit.core.interfaces.dll</FullName>
      <ModuleName>nunit.core.interfaces</ModuleName>
      <Classes />
    </Module>
    <Module hash="9C-36-4F-DC-45-67-54-EE-41-CB-1D-C4-70-9C-9F-44-A3-08-67-25">
      <Summary numSequencePoints="175" visitedSequencePoints="29" numBranchPoints="33" visitedBranchPoints="7" sequenceCoverage="16.57" branchCoverage="21.21" maxCyclomaticComplexity="3" minCyclomaticComplexity="1" />
      <FullName>C:\Users\Dengyong\AppData\Local\Temp\nunit20\ShadowCopyCache\8536_636607877173778836\Tests_284477281\assembly\dl3\2e037c97\228264de_22e1d301\WareHouseAnalysis.exe</FullName>
      <ModuleName>WareHouseAnalysis</ModuleName>
      <Files>
        <File uid="1" fullPath="e:\程序\WareHouseAnalysis\BLL\CProjectInfoBLL.cs" />
        <File uid="2" fullPath="e:\程序\WareHouseAnalysis\DAL\NHibernateHelper.cs" />
        <File uid="3" fullPath="e:\程序\WareHouseAnalysis\Domain\Projects.cs" />
        <File uid="4" fullPath="e:\程序\WareHouseAnalysis\FormProjectInfo.Designer.cs" />
        <File uid="5" fullPath="e:\程序\WareHouseAnalysis\MainForm.Designer.cs" />
        <File uid="6" fullPath="e:\程序\WareHouseAnalysis\MainForm.cs" />
        <File uid="7" fullPath="e:\程序\WareHouseAnalysis\Program.cs" />
        <File uid="8" fullPath="e:\程序\WareHouseAnalysis\Test\TestCProjectInfoBLL.cs" />
      </Files>
      <Classes>
        <Class>
          <Summary numSequencePoints="0" visitedSequencePoints="0" numBranchPoints="0" visitedBranchPoints="0" sequenceCoverage="0" branchCoverage="0" maxCyclomaticComplexity="0" minCyclomaticComplexity="0" />
          <FullName>&lt;Module&gt;</FullName>
          <Methods />
        </Class>
        <Class>
          <Summary numSequencePoints="18" visitedSequencePoints="9" numBranchPoints="2" visitedBranchPoints="1" sequenceCoverage="50" branchCoverage="50" maxCyclomaticComplexity="1" minCyclomaticComplexity="1" />
          <FullName>WareHouseAnalysis.BLL.CProjectInfoBLL</FullName>
          <Methods>
            <Method visited="false" cyclomaticComplexity="1" sequenceCoverage="0" branchCoverage="0" isConstructor="true" isStatic="false" isGetter="false" isSetter="false">
              <Summary numSequencePoints="3" visitedSequencePoints="0" numBranchPoints="1" visitedBranchPoints="0" sequenceCoverage="0" branchCoverage="0" maxCyclomaticComplexity="1" minCyclomaticComplexity="1" />
              <MetadataToken>100663297</MetadataToken>
              <Name>System.Void WareHouseAnalysis.BLL.CProjectInfoBLL::.ctor()</Name>
              <FileRef uid="1" />
              <SequencePoints>
                <SequencePoint vc="0" uspid="1" ordinal="0" offset="0" sl="22" sc="3" el="22" ec="27" bec="0" bev="0" fileid="1" />
                <SequencePoint vc="0" uspid="2" ordinal="1" offset="7" sl="23" sc="3" el="23" ec="4" bec="0" bev="0" fileid="1" />
                <SequencePoint vc="0" uspid="3" ordinal="2" offset="8" sl="24" sc="3" el="24" ec="4" bec="0" bev="0" fileid="1" />
              </SequencePoints>
              <BranchPoints />
              <MethodPoint xsi:type="SequencePoint" vc="0" uspid="1" ordinal="0" offset="0" sl="22" sc="3" el="22" ec="27" bec="0" bev="0" fileid="1" />
            </Method>
            <Method visited="true" cyclomaticComplexity="1" sequenceCoverage="60" branchCoverage="100" isConstructor="false" isStatic="true" isGetter="false" isSetter="false">
              <Summary numSequencePoints="15" visitedSequencePoints="9" numBranchPoints="1" visitedBranchPoints="1" sequenceCoverage="60" branchCoverage="100" maxCyclomaticComplexity="1" minCyclomaticComplexity="1" />
              <MetadataToken>100663298</MetadataToken>
              <Name>System.Void WareHouseAnalysis.BLL.CProjectInfoBLL::AddProjectInfo(WareHouseAnalysis.Domain.Projects)</Name>
              <FileRef uid="1" />
              <SequencePoints>
                <SequencePoint vc="10" uspid="4" ordinal="0" offset="0" sl="28" sc="3" el="28" ec="4" bec="0" bev="0" fileid="1" />
                <SequencePoint vc="10" uspid="5" ordinal="1" offset="1" sl="30" sc="4" el="30" ec="69" bec="0" bev="0" fileid="1" />
                <SequencePoint vc="10" uspid="6" ordinal="2" offset="12" sl="31" sc="4" el="31" ec="49" bec="0" bev="0" fileid="1" />
                <SequencePoint vc="10" uspid="7" ordinal="3" offset="19" sl="33" sc="4" el="33" ec="5" bec="0" bev="0" fileid="1" />
                <SequencePoint vc="10" uspid="8" ordinal="4" offset="20" sl="34" sc="5" el="34" ec="23" bec="0" bev="0" fileid="1" />
                <SequencePoint vc="10" uspid="9" ordinal="5" offset="28" sl="35" sc="5" el="35" ec="17" bec="0" bev="0" fileid="1" />
                <SequencePoint vc="10" uspid="10" ordinal="6" offset="35" sl="36" sc="5" el="36" ec="21" bec="0" bev="0" fileid="1" />
                <SequencePoint vc="10" uspid="11" ordinal="7" offset="42" sl="37" sc="4" el="37" ec="5" bec="0" bev="0" fileid="1" />
                <SequencePoint vc="0" uspid="12" ordinal="8" offset="45" sl="38" sc="4" el="38" ec="22" bec="0" bev="0" fileid="1" />
                <SequencePoint vc="0" uspid="13" ordinal="9" offset="46" sl="39" sc="4" el="39" ec="5" bec="0" bev="0" fileid="1" />
                <SequencePoint vc="0" uspid="14" ordinal="10" offset="47" sl="40" sc="5" el="40" ec="35" bec="0" bev="0" fileid="1" />
                <SequencePoint vc="0" uspid="15" ordinal="11" offset="60" sl="41" sc="5" el="41" ec="19" bec="0" bev="0" fileid="1" />
                <SequencePoint vc="0" uspid="16" ordinal="12" offset="67" sl="42" sc="5" el="42" ec="21" bec="0" bev="0" fileid="1" />
                <SequencePoint vc="0" uspid="17" ordinal="13" offset="74" sl="43" sc="4" el="43" ec="5" bec="0" bev="0" fileid="1" />
                <SequencePoint vc="10" uspid="18" ordinal="14" offset="78" sl="44" sc="3" el="44" ec="4" bec="0" bev="0" fileid="1" />
              </SequencePoints>
              <BranchPoints />
              <MethodPoint xsi:type="SequencePoint" vc="10" uspid="4" ordinal="0" offset="0" sl="28" sc="3" el="28" ec="4" bec="0" bev="0" fileid="1" />
            </Method>
          </Methods>
        </Class>
        <Class>
          <Summary numSequencePoints="13" visitedSequencePoints="7" numBranchPoints="4" visitedBranchPoints="2" sequenceCoverage="53.85" branchCoverage="50" maxCyclomaticComplexity="1" minCyclomaticComplexity="1" />
          <FullName>WareHouseAnalysis.DAL.NHibernateHelper</FullName>
          <Methods>
            <Method visited="true" cyclomaticComplexity="1" sequenceCoverage="100" branchCoverage="100" isConstructor="false" isStatic="true" isGetter="true" isSetter="false">
              <Summary numSequencePoints="3" visitedSequencePoints="3" numBranchPoints="1" visitedBranchPoints="1" sequenceCoverage="100" branchCoverage="100" maxCyclomaticComplexity="1" minCyclomaticComplexity="1" />
              <MetadataToken>100663300</MetadataToken>
              <Name>NHibernate.ISessionFactory WareHouseAnalysis.DAL.NHibernateHelper::get_sessionFactory()</Name>
              <FileRef uid="2" />
              <SequencePoints>
                <SequencePoint vc="10" uspid="19" ordinal="0" offset="0" sl="29" sc="8" el="29" ec="9" bec="0" bev="0" fileid="2" />
                <SequencePoint vc="10" uspid="20" ordinal="1" offset="1" sl="29" sc="9" el="29" ec="24" bec="0" bev="0" fileid="2" />
                <SequencePoint vc="10" uspid="21" ordinal="2" offset="9" sl="29" sc="24" el="29" ec="25" bec="0" bev="0" fileid="2" />
              </SequencePoints>
              <BranchPoints />
              <MethodPoint xsi:type="SequencePoint" vc="10" uspid="19" ordinal="0" offset="0" sl="29" sc="8" el="29" ec="9" bec="0" bev="0" fileid="2" />
            </Method>
            <Method visited="true" cyclomaticComplexity="1" sequenceCoverage="100" branchCoverage="100" isConstructor="true" isStatic="true" isGetter="false" isSetter="false">
              <Summary numSequencePoints="4" visitedSequencePoints="4" numBranchPoints="1" visitedBranchPoints="1" sequenceCoverage="100" branchCoverage="100" maxCyclomaticComplexity="1" minCyclomaticComplexity="1" />
              <MetadataToken>100663299</MetadataToken>
              <Name>System.Void WareHouseAnalysis.DAL.NHibernateHelper::.cctor()</Name>
              <FileRef uid="2" />
              <SequencePoints>
                <SequencePoint vc="1" uspid="22" ordinal="0" offset="0" sl="21" sc="3" el="21" ec="49" bec="0" bev="0" fileid="2" />
                <SequencePoint vc="1" uspid="23" ordinal="1" offset="6" sl="23" sc="3" el="23" ec="4" bec="0" bev="0" fileid="2" />
                <SequencePoint vc="1" uspid="24" ordinal="2" offset="7" sl="24" sc="4" el="24" ec="68" bec="0" bev="0" fileid="2" />
                <SequencePoint vc="1" uspid="25" ordinal="3" offset="27" sl="25" sc="3" el="25" ec="4" bec="0" bev="0" fileid="2" />
              </SequencePoints>
              <BranchPoints />
              <MethodPoint xsi:type="SequencePoint" vc="1" uspid="22" ordinal="0" offset="0" sl="21" sc="3" el="21" ec="49" bec="0" bev="0" fileid="2" />
            </Method>
            <Method visited="false" cyclomaticComplexity="1" sequenceCoverage="0" branchCoverage="0" isConstructor="false" isStatic="true" isGetter="false" isSetter="false">
              <Summary numSequencePoints="3" visitedSequencePoints="0" numBranchPoints="1" visitedBranchPoints="0" sequenceCoverage="0" branchCoverage="0" maxCyclomaticComplexity="1" minCyclomaticComplexity="1" />
              <MetadataToken>100663301</MetadataToken>
              <Name>NHibernate.ISession WareHouseAnalysis.DAL.NHibernateHelper::OpenSession()</Name>
              <FileRef uid="2" />
              <SequencePoints>
                <SequencePoint vc="0" uspid="26" ordinal="0" offset="0" sl="33" sc="9" el="33" ec="10" bec="0" bev="0" fileid="2" />
                <SequencePoint vc="0" uspid="27" ordinal="1" offset="1" sl="34" sc="4" el="34" ec="33" bec="0" bev="0" fileid="2" />
                <SequencePoint vc="0" uspid="28" ordinal="2" offset="14" sl="35" sc="9" el="35" ec="10" bec="0" bev="0" fileid="2" />
              </SequencePoints>
              <BranchPoints />
              <MethodPoint xsi:type="SequencePoint" vc="0" uspid="26" ordinal="0" offset="0" sl="33" sc="9" el="33" ec="10" bec="0" bev="0" fileid="2" />
            </Method>
            <Method visited="false" cyclomaticComplexity="1" sequenceCoverage="0" branchCoverage="0" isConstructor="false" isStatic="true" isGetter="false" isSetter="false">
              <Summary numSequencePoints="3" visitedSequencePoints="0" numBranchPoints="1" visitedBranchPoints="0" sequenceCoverage="0" branchCoverage="0" maxCyclomaticComplexity="1" minCyclomaticComplexity="1" />
              <MetadataToken>100663302</MetadataToken>
              <Name>NHibernate.ISession WareHouseAnalysis.DAL.NHibernateHelper::GetCurrentSession()</Name>
              <FileRef uid="2" />
              <SequencePoints>
                <SequencePoint vc="0" uspid="29" ordinal="0" offset="0" sl="38" sc="3" el="38" ec="4" bec="0" bev="0" fileid="2" />
                <SequencePoint vc="0" uspid="30" ordinal="1" offset="1" sl="39" sc="4" el="39" ec="39" bec="0" bev="0" fileid="2" />
                <SequencePoint vc="0" uspid="31" ordinal="2" offset="14" sl="40" sc="3" el="40" ec="4" bec="0" bev="0" fileid="2" />
              </SequencePoints>
              <BranchPoints />
              <MethodPoint xsi:type="SequencePoint" vc="0" uspid="29" ordinal="0" offset="0" sl="38" sc="3" el="38" ec="4" bec="0" bev="0" fileid="2" />
            </Method>
          </Methods>
        </Class>
        <Class>
          <Summary numSequencePoints="3" visitedSequencePoints="3" numBranchPoints="1" visitedBranchPoints="1" sequenceCoverage="100" branchCoverage="100" maxCyclomaticComplexity="1" minCyclomaticComplexity="1" />
          <FullName>WareHouseAnalysis.Domain.Projects</FullName>
          <Methods>
            <Method visited="true" cyclomaticComplexity="1" sequenceCoverage="0" branchCoverage="0" isConstructor="false" isStatic="false" isGetter="true" isSetter="false">
              <Summary numSequencePoints="0" visitedSequencePoints="0" numBranchPoints="0" visitedBranchPoints="0" sequenceCoverage="0" branchCoverage="0" maxCyclomaticComplexity="1" minCyclomaticComplexity="1" />
              <MetadataToken>100663304</MetadataToken>
              <Name>System.Int32 WareHouseAnalysis.Domain.Projects::get_ProjectID()</Name>
              <SequencePoints />
              <BranchPoints />
              <MethodPoint vc="11" uspid="32" ordinal="0" offset="0" />
            </Method>
            <Method visited="true" cyclomaticComplexity="1" sequenceCoverage="0" branchCoverage="0" isConstructor="false" isStatic="false" isGetter="false" isSetter="true">
              <Summary numSequencePoints="0" visitedSequencePoints="0" numBranchPoints="0" visitedBranchPoints="0" sequenceCoverage="0" branchCoverage="0" maxCyclomaticComplexity="1" minCyclomaticComplexity="1" />
              <MetadataToken>100663305</MetadataToken>
              <Name>System.Void WareHouseAnalysis.Domain.Projects::set_ProjectID(System.Int32)</Name>
              <SequencePoints />
              <BranchPoints />
              <MethodPoint vc="10" uspid="33" ordinal="0" offset="0" />
            </Method>
            <Method visited="true" cyclomaticComplexity="1" sequenceCoverage="0" branchCoverage="0" isConstructor="false" isStatic="false" isGetter="true" isSetter="false">
              <Summary numSequencePoints="0" visitedSequencePoints="0" numBranchPoints="0" visitedBranchPoints="0" sequenceCoverage="0" branchCoverage="0" maxCyclomaticComplexity="1" minCyclomaticComplexity="1" />
              <MetadataToken>100663306</MetadataToken>
              <Name>System.String WareHouseAnalysis.Domain.Projects::get_ProjectName()</Name>
              <SequencePoints />
              <BranchPoints />
              <MethodPoint vc="20" uspid="34" ordinal="0" offset="0" />
            </Method>
            <Method visited="true" cyclomaticComplexity="1" sequenceCoverage="0" branchCoverage="0" isConstructor="false" isStatic="false" isGetter="false" isSetter="true">
              <Summary numSequencePoints="0" visitedSequencePoints="0" numBranchPoints="0" visitedBranchPoints="0" sequenceCoverage="0" branchCoverage="0" maxCyclomaticComplexity="1" minCyclomaticComplexity="1" />
              <MetadataToken>100663307</MetadataToken>
              <Name>System.Void WareHouseAnalysis.Domain.Projects::set_ProjectName(System.String)</Name>
              <SequencePoints />
              <BranchPoints />
              <MethodPoint vc="10" uspid="35" ordinal="0" offset="0" />
            </Method>
            <Method visited="true" cyclomaticComplexity="1" sequenceCoverage="100" branchCoverage="100" isConstructor="true" isStatic="false" isGetter="false" isSetter="false">
              <Summary numSequencePoints="3" visitedSequencePoints="3" numBranchPoints="1" visitedBranchPoints="1" sequenceCoverage="100" branchCoverage="100" maxCyclomaticComplexity="1" minCyclomaticComplexity="1" />
              <MetadataToken>100663303</MetadataToken>
              <Name>System.Void WareHouseAnalysis.Domain.Projects::.ctor()</Name>
              <FileRef uid="3" />
              <SequencePoints>
                <SequencePoint vc="11" uspid="36" ordinal="0" offset="0" sl="18" sc="3" el="18" ec="20" bec="0" bev="0" fileid="3" />
                <SequencePoint vc="11" uspid="37" ordinal="1" offset="7" sl="19" sc="3" el="19" ec="4" bec="0" bev="0" fileid="3" />
                <SequencePoint vc="11" uspid="38" ordinal="2" offset="8" sl="20" sc="3" el="20" ec="4" bec="0" bev="0" fileid="3" />
              </SequencePoints>
              <BranchPoints />
              <MethodPoint xsi:type="SequencePoint" vc="11" uspid="36" ordinal="0" offset="0" sl="18" sc="3" el="18" ec="20" bec="0" bev="0" fileid="3" />
            </Method>
          </Methods>
        </Class>
        <Class>
          <Summary numSequencePoints="27" visitedSequencePoints="0" numBranchPoints="7" visitedBranchPoints="0" sequenceCoverage="0" branchCoverage="0" maxCyclomaticComplexity="3" minCyclomaticComplexity="1" />
          <FullName>WareHouseAnalysis.FormProjectInfo</FullName>
          <Methods>
            <Method visited="false" cyclomaticComplexity="1" sequenceCoverage="0" branchCoverage="0" isConstructor="true" isStatic="false" isGetter="false" isSetter="false">
              <Summary numSequencePoints="8" visitedSequencePoints="0" numBranchPoints="1" visitedBranchPoints="0" sequenceCoverage="0" branchCoverage="0" maxCyclomaticComplexity="1" minCyclomaticComplexity="1" />
              <MetadataToken>100663308</MetadataToken>
              <Name>System.Void WareHouseAnalysis.FormProjectInfo::.ctor()</Name>
              <FileRef uid="4" />
              <SequencePoints>
                <SequencePoint vc="0" uspid="39" ordinal="0" offset="0" sl="16" sc="3" el="16" ec="62" bec="0" bev="0" fileid="4" />
                <SequencePoint vc="0" uspid="40" ordinal="1" offset="7" sl="23" sc="3" el="23" ec="27" bec="0" bev="0" fileid="0" url="e:\程序\WareHouseAnalysis\FormProjectInfo.cs" />
                <SequencePoint vc="0" uspid="41" ordinal="2" offset="14" sl="24" sc="3" el="24" ec="4" bec="0" bev="0" fileid="0" url="e:\程序\WareHouseAnalysis\FormProjectInfo.cs" />
                <SequencePoint vc="0" uspid="42" ordinal="3" offset="15" sl="28" sc="4" el="28" ec="26" bec="0" bev="0" fileid="0" url="e:\程序\WareHouseAnalysis\FormProjectInfo.cs" />
                <SequencePoint vc="0" uspid="43" ordinal="4" offset="22" sl="33" sc="4" el="33" ec="33" bec="0" bev="0" fileid="0" url="e:\程序\WareHouseAnalysis\FormProjectInfo.cs" />
                <SequencePoint vc="0" uspid="44" ordinal="5" offset="28" sl="34" sc="4" el="34" ec="28" bec="0" bev="0" fileid="0" url="e:\程序\WareHouseAnalysis\FormProjectInfo.cs" />
                <SequencePoint vc="0" uspid="45" ordinal="6" offset="40" sl="35" sc="4" el="35" ec="39" bec="0" bev="0" fileid="0" url="e:\程序\WareHouseAnalysis\FormProjectInfo.cs" />
                <SequencePoint vc="0" uspid="46" ordinal="7" offset="47" sl="36" sc="3" el="36" ec="4" bec="0" bev="0" fileid="0" url="e:\程序\WareHouseAnalysis\FormProjectInfo.cs" />
              </SequencePoints>
              <BranchPoints />
              <MethodPoint xsi:type="SequencePoint" vc="0" uspid="39" ordinal="0" offset="0" sl="16" sc="3" el="16" ec="62" bec="0" bev="0" fileid="4" />
            </Method>
            <Method visited="false" cyclomaticComplexity="3" sequenceCoverage="0" branchCoverage="0" isConstructor="false" isStatic="false" isGetter="false" isSetter="false">
              <Summary numSequencePoints="10" visitedSequencePoints="0" numBranchPoints="5" visitedBranchPoints="0" sequenceCoverage="0" branchCoverage="0" maxCyclomaticComplexity="3" minCyclomaticComplexity="3" />
              <MetadataToken>100663309</MetadataToken>
              <Name>System.Void WareHouseAnalysis.FormProjectInfo::Dispose(System.Boolean)</Name>
              <FileRef uid="4" />
              <SequencePoints>
                <SequencePoint vc="0" uspid="47" ordinal="0" offset="0" sl="23" sc="3" el="23" ec="4" bec="0" bev="0" fileid="4" />
                <SequencePoint vc="0" uspid="48" ordinal="1" offset="1" sl="24" sc="4" el="24" ec="18" bec="2" bev="0" fileid="4" />
                <SequencePoint vc="0" uspid="49" ordinal="2" offset="9" sl="24" sc="19" el="24" ec="20" bec="0" bev="0" fileid="4" />
                <SequencePoint vc="0" uspid="50" ordinal="3" offset="10" sl="25" sc="5" el="25" ec="28" bec="2" bev="0" fileid="4" />
                <SequencePoint vc="0" uspid="51" ordinal="4" offset="23" sl="25" sc="29" el="25" ec="30" bec="0" bev="0" fileid="4" />
                <SequencePoint vc="0" uspid="52" ordinal="5" offset="24" sl="26" sc="6" el="26" ec="27" bec="0" bev="0" fileid="4" />
                <SequencePoint vc="0" uspid="53" ordinal="6" offset="36" sl="27" sc="5" el="27" ec="6" bec="0" bev="0" fileid="4" />
                <SequencePoint vc="0" uspid="54" ordinal="7" offset="37" sl="28" sc="4" el="28" ec="5" bec="0" bev="0" fileid="4" />
                <SequencePoint vc="0" uspid="55" ordinal="8" offset="38" sl="29" sc="4" el="29" ec="28" bec="0" bev="0" fileid="4" />
                <SequencePoint vc="0" uspid="56" ordinal="9" offset="46" sl="30" sc="3" el="30" ec="4" bec="0" bev="0" fileid="4" />
              </SequencePoints>
              <BranchPoints>
                <BranchPoint vc="0" uspid="57" ordinal="0" offset="7" path="0" offsetchain="" offsetend="9" />
                <BranchPoint vc="0" uspid="58" ordinal="1" offset="7" path="1" offsetchain="" offsetend="38" />
                <BranchPoint vc="0" uspid="59" ordinal="2" offset="21" path="0" offsetchain="" offsetend="23" />
                <BranchPoint vc="0" uspid="60" ordinal="3" offset="21" path="1" offsetchain="" offsetend="37" />
              </BranchPoints>
              <MethodPoint xsi:type="SequencePoint" vc="0" uspid="47" ordinal="0" offset="0" sl="23" sc="3" el="23" ec="4" bec="0" bev="0" fileid="4" />
            </Method>
            <Method visited="false" cyclomaticComplexity="1" sequenceCoverage="0" branchCoverage="0" isConstructor="false" isStatic="false" isGetter="false" isSetter="false">
              <Summary numSequencePoints="9" visitedSequencePoints="0" numBranchPoints="1" visitedBranchPoints="0" sequenceCoverage="0" branchCoverage="0" maxCyclomaticComplexity="1" minCyclomaticComplexity="1" />
              <MetadataToken>100663310</MetadataToken>
              <Name>System.Void WareHouseAnalysis.FormProjectInfo::InitializeComponent()</Name>
              <FileRef uid="4" />
              <SequencePoints>
                <SequencePoint vc="0" uspid="61" ordinal="0" offset="0" sl="38" sc="3" el="38" ec="4" bec="0" bev="0" fileid="4" />
                <SequencePoint vc="0" uspid="62" ordinal="1" offset="1" sl="39" sc="4" el="39" ec="25" bec="0" bev="0" fileid="4" />
                <SequencePoint vc="0" uspid="63" ordinal="2" offset="8" sl="43" sc="4" el="43" ec="65" bec="0" bev="0" fileid="4" />
                <SequencePoint vc="0" uspid="64" ordinal="3" offset="30" sl="44" sc="4" el="44" ec="65" bec="0" bev="0" fileid="4" />
                <SequencePoint vc="0" uspid="65" ordinal="4" offset="38" sl="45" sc="4" el="45" ec="56" bec="0" bev="0" fileid="4" />
                <SequencePoint vc="0" uspid="66" ordinal="5" offset="60" sl="46" sc="4" el="46" ec="34" bec="0" bev="0" fileid="4" />
                <SequencePoint vc="0" uspid="67" ordinal="6" offset="72" sl="47" sc="4" el="47" ec="34" bec="0" bev="0" fileid="4" />
                <SequencePoint vc="0" uspid="68" ordinal="7" offset="84" sl="48" sc="4" el="48" ec="29" bec="0" bev="0" fileid="4" />
                <SequencePoint vc="0" uspid="69" ordinal="8" offset="92" sl="50" sc="3" el="50" ec="4" bec="0" bev="0" fileid="4" />
              </SequencePoints>
              <BranchPoints />
              <MethodPoint xsi:type="SequencePoint" vc="0" uspid="61" ordinal="0" offset="0" sl="38" sc="3" el="38" ec="4" bec="0" bev="0" fileid="4" />
            </Method>
          </Methods>
        </Class>
        <Class>
          <Summary numSequencePoints="99" visitedSequencePoints="0" numBranchPoints="15" visitedBranchPoints="0" sequenceCoverage="0" branchCoverage="0" maxCyclomaticComplexity="3" minCyclomaticComplexity="1" />
          <FullName>WareHouseAnalysis.MainForm</FullName>
          <Methods>
            <Method visited="false" cyclomaticComplexity="1" sequenceCoverage="0" branchCoverage="0" isConstructor="true" isStatic="false" isGetter="false" isSetter="false">
              <Summary numSequencePoints="5" visitedSequencePoints="0" numBranchPoints="1" visitedBranchPoints="0" sequenceCoverage="0" branchCoverage="0" maxCyclomaticComplexity="1" minCyclomaticComplexity="1" />
              <MetadataToken>100663311</MetadataToken>
              <Name>System.Void WareHouseAnalysis.MainForm::.ctor()</Name>
              <FileRef uid="5" />
              <SequencePoints>
                <SequencePoint vc="0" uspid="70" ordinal="0" offset="0" sl="16" sc="3" el="16" ec="62" bec="0" bev="0" fileid="5" />
                <SequencePoint vc="0" uspid="71" ordinal="1" offset="7" sl="21" sc="3" el="21" ec="20" bec="0" bev="0" fileid="6" />
                <SequencePoint vc="0" uspid="72" ordinal="2" offset="14" sl="22" sc="3" el="22" ec="4" bec="0" bev="0" fileid="6" />
                <SequencePoint vc="0" uspid="73" ordinal="3" offset="15" sl="26" sc="4" el="26" ec="26" bec="0" bev="0" fileid="6" />
                <SequencePoint vc="0" uspid="74" ordinal="4" offset="22" sl="31" sc="3" el="31" ec="4" bec="0" bev="0" fileid="6" />
              </SequencePoints>
              <BranchPoints />
              <MethodPoint xsi:type="SequencePoint" vc="0" uspid="70" ordinal="0" offset="0" sl="16" sc="3" el="16" ec="62" bec="0" bev="0" fileid="5" />
            </Method>
            <Method visited="false" cyclomaticComplexity="2" sequenceCoverage="0" branchCoverage="0" isConstructor="false" isStatic="false" isGetter="false" isSetter="false">
              <Summary numSequencePoints="8" visitedSequencePoints="0" numBranchPoints="3" visitedBranchPoints="0" sequenceCoverage="0" branchCoverage="0" maxCyclomaticComplexity="2" minCyclomaticComplexity="2" />
              <MetadataToken>100663312</MetadataToken>
              <Name>System.Void WareHouseAnalysis.MainForm::项目信息ToolStripMenuItemClick(System.Object,System.EventArgs)</Name>
              <FileRef uid="6" />
              <SequencePoints>
                <SequencePoint vc="0" uspid="75" ordinal="0" offset="0" sl="33" sc="3" el="33" ec="4" bec="0" bev="0" fileid="6" />
                <SequencePoint vc="0" uspid="76" ordinal="1" offset="1" sl="36" sc="4" el="36" ec="51" bec="0" bev="0" fileid="6" />
                <SequencePoint vc="0" uspid="77" ordinal="2" offset="7" sl="37" sc="4" el="37" ec="40" bec="2" bev="0" fileid="6" />
                <SequencePoint vc="0" uspid="78" ordinal="3" offset="27" sl="38" sc="4" el="38" ec="5" bec="0" bev="0" fileid="6" />
                <SequencePoint vc="0" uspid="79" ordinal="4" offset="28" sl="39" sc="5" el="39" ec="31" bec="0" bev="0" fileid="6" />
                <SequencePoint vc="0" uspid="80" ordinal="5" offset="36" sl="40" sc="5" el="40" ec="21" bec="0" bev="0" fileid="6" />
                <SequencePoint vc="0" uspid="81" ordinal="6" offset="43" sl="41" sc="4" el="41" ec="5" bec="0" bev="0" fileid="6" />
                <SequencePoint vc="0" uspid="82" ordinal="7" offset="44" sl="42" sc="3" el="42" ec="4" bec="0" bev="0" fileid="6" />
              </SequencePoints>
              <BranchPoints>
                <BranchPoint vc="0" uspid="83" ordinal="0" offset="25" path="0" offsetchain="" offsetend="27" />
                <BranchPoint vc="0" uspid="84" ordinal="1" offset="25" path="1" offsetchain="" offsetend="44" />
              </BranchPoints>
              <MethodPoint xsi:type="SequencePoint" vc="0" uspid="75" ordinal="0" offset="0" sl="33" sc="3" el="33" ec="4" bec="0" bev="0" fileid="6" />
            </Method>
            <Method visited="false" cyclomaticComplexity="3" sequenceCoverage="0" branchCoverage="0" isConstructor="false" isStatic="false" isGetter="false" isSetter="false">
              <Summary numSequencePoints="14" visitedSequencePoints="0" numBranchPoints="5" visitedBranchPoints="0" sequenceCoverage="0" branchCoverage="0" maxCyclomaticComplexity="3" minCyclomaticComplexity="3" />
              <MetadataToken>100663313</MetadataToken>
              <Name>System.Boolean WareHouseAnalysis.MainForm::HaveOpened(System.Windows.Forms.Form,System.String)</Name>
              <FileRef uid="6" />
              <SequencePoints>
                <SequencePoint vc="0" uspid="85" ordinal="0" offset="0" sl="45" sc="9" el="45" ec="10" bec="0" bev="0" fileid="6" />
                <SequencePoint vc="0" uspid="86" ordinal="1" offset="1" sl="47" sc="13" el="47" ec="33" bec="0" bev="0" fileid="6" />
                <SequencePoint vc="0" uspid="87" ordinal="2" offset="3" sl="48" sc="18" el="48" ec="28" bec="0" bev="0" fileid="6" />
                <SequencePoint vc="0" uspid="88" ordinal="3" offset="7" sl="49" sc="13" el="49" ec="14" bec="0" bev="0" fileid="6" />
                <SequencePoint vc="0" uspid="89" ordinal="4" offset="8" sl="50" sc="17" el="50" ec="63" bec="2" bev="0" fileid="6" />
                <SequencePoint vc="0" uspid="90" ordinal="5" offset="34" sl="51" sc="17" el="51" ec="18" bec="0" bev="0" fileid="6" />
                <SequencePoint vc="0" uspid="91" ordinal="6" offset="35" sl="52" sc="21" el="52" ec="59" bec="0" bev="0" fileid="6" />
                <SequencePoint vc="0" uspid="92" ordinal="7" offset="49" sl="53" sc="21" el="53" ec="37" bec="0" bev="0" fileid="6" />
                <SequencePoint vc="0" uspid="93" ordinal="8" offset="51" sl="54" sc="21" el="54" ec="27" bec="0" bev="0" fileid="6" />
                <SequencePoint vc="0" uspid="94" ordinal="9" offset="53" sl="56" sc="13" el="56" ec="14" bec="0" bev="0" fileid="6" />
                <SequencePoint vc="0" uspid="95" ordinal="10" offset="54" sl="48" sc="61" el="48" ec="64" bec="0" bev="0" fileid="6" />
                <SequencePoint vc="0" uspid="96" ordinal="11" offset="58" sl="48" sc="29" el="48" ec="59" bec="2" bev="0" fileid="6" />
                <SequencePoint vc="0" uspid="97" ordinal="12" offset="73" sl="57" sc="13" el="57" ec="28" bec="0" bev="0" fileid="6" />
                <SequencePoint vc="0" uspid="98" ordinal="13" offset="77" sl="58" sc="9" el="58" ec="10" bec="0" bev="0" fileid="6" />
              </SequencePoints>
              <BranchPoints>
                <BranchPoint vc="0" uspid="99" ordinal="0" offset="32" path="0" offsetchain="" offsetend="34" />
                <BranchPoint vc="0" uspid="100" ordinal="1" offset="32" path="1" offsetchain="" offsetend="53" />
                <BranchPoint vc="0" uspid="101" ordinal="2" offset="71" path="0" offsetchain="" offsetend="73" />
                <BranchPoint vc="0" uspid="102" ordinal="3" offset="71" path="1" offsetchain="" offsetend="7" />
              </BranchPoints>
              <MethodPoint xsi:type="SequencePoint" vc="0" uspid="85" ordinal="0" offset="0" sl="45" sc="9" el="45" ec="10" bec="0" bev="0" fileid="6" />
            </Method>
            <Method visited="false" cyclomaticComplexity="3" sequenceCoverage="0" branchCoverage="0" isConstructor="false" isStatic="false" isGetter="false" isSetter="false">
              <Summary numSequencePoints="10" visitedSequencePoints="0" numBranchPoints="5" visitedBranchPoints="0" sequenceCoverage="0" branchCoverage="0" maxCyclomaticComplexity="3" minCyclomaticComplexity="3" />
              <MetadataToken>100663314</MetadataToken>
              <Name>System.Void WareHouseAnalysis.MainForm::Dispose(System.Boolean)</Name>
              <FileRef uid="5" />
              <SequencePoints>
                <SequencePoint vc="0" uspid="103" ordinal="0" offset="0" sl="33" sc="3" el="33" ec="4" bec="0" bev="0" fileid="5" />
                <SequencePoint vc="0" uspid="104" ordinal="1" offset="1" sl="34" sc="4" el="34" ec="18" bec="2" bev="0" fileid="5" />
                <SequencePoint vc="0" uspid="105" ordinal="2" offset="9" sl="34" sc="19" el="34" ec="20" bec="0" bev="0" fileid="5" />
                <SequencePoint vc="0" uspid="106" ordinal="3" offset="10" sl="35" sc="5" el="35" ec="28" bec="2" bev="0" fileid="5" />
                <SequencePoint vc="0" uspid="107" ordinal="4" offset="23" sl="35" sc="29" el="35" ec="30" bec="0" bev="0" fileid="5" />
                <SequencePoint vc="0" uspid="108" ordinal="5" offset="24" sl="36" sc="6" el="36" ec="27" bec="0" bev="0" fileid="5" />
                <SequencePoint vc="0" uspid="109" ordinal="6" offset="36" sl="37" sc="5" el="37" ec="6" bec="0" bev="0" fileid="5" />
                <SequencePoint vc="0" uspid="110" ordinal="7" offset="37" sl="38" sc="4" el="38" ec="5" bec="0" bev="0" fileid="5" />
                <SequencePoint vc="0" uspid="111" ordinal="8" offset="38" sl="39" sc="4" el="39" ec="28" bec="0" bev="0" fileid="5" />
                <SequencePoint vc="0" uspid="112" ordinal="9" offset="46" sl="40" sc="3" el="40" ec="4" bec="0" bev="0" fileid="5" />
              </SequencePoints>
              <BranchPoints>
                <BranchPoint vc="0" uspid="113" ordinal="0" offset="7" path="0" offsetchain="" offsetend="9" />
                <BranchPoint vc="0" uspid="114" ordinal="1" offset="7" path="1" offsetchain="" offsetend="38" />
                <BranchPoint vc="0" uspid="115" ordinal="2" offset="21" path="0" offsetchain="" offsetend="23" />
                <BranchPoint vc="0" uspid="116" ordinal="3" offset="21" path="1" offsetchain="" offsetend="37" />
              </BranchPoints>
              <MethodPoint xsi:type="SequencePoint" vc="0" uspid="103" ordinal="0" offset="0" sl="33" sc="3" el="33" ec="4" bec="0" bev="0" fileid="5" />
            </Method>
            <Method visited="false" cyclomaticComplexity="1" sequenceCoverage="0" branchCoverage="0" isConstructor="false" isStatic="false" isGetter="false" isSetter="false">
              <Summary numSequencePoints="62" visitedSequencePoints="0" numBranchPoints="1" visitedBranchPoints="0" sequenceCoverage="0" branchCoverage="0" maxCyclomaticComplexity="1" minCyclomaticComplexity="1" />
              <MetadataToken>100663315</MetadataToken>
              <Name>System.Void WareHouseAnalysis.MainForm::InitializeComponent()</Name>
              <FileRef uid="5" />
              <SequencePoints>
                <SequencePoint vc="0" uspid="117" ordinal="0" offset="0" sl="48" sc="3" el="48" ec="4" bec="0" bev="0" fileid="5" />
                <SequencePoint vc="0" uspid="118" ordinal="1" offset="1" sl="49" sc="4" el="49" ec="59" bec="0" bev="0" fileid="5" />
                <SequencePoint vc="0" uspid="119" ordinal="2" offset="12" sl="50" sc="4" el="50" ec="76" bec="0" bev="0" fileid="5" />
                <SequencePoint vc="0" uspid="120" ordinal="3" offset="23" sl="51" sc="4" el="51" ec="78" bec="0" bev="0" fileid="5" />
                <SequencePoint vc="0" uspid="121" ordinal="4" offset="34" sl="52" sc="4" el="52" ec="80" bec="0" bev="0" fileid="5" />
                <SequencePoint vc="0" uspid="122" ordinal="5" offset="45" sl="53" sc="4" el="53" ec="80" bec="0" bev="0" fileid="5" />
                <SequencePoint vc="0" uspid="123" ordinal="6" offset="56" sl="54" sc="4" el="54" ec="76" bec="0" bev="0" fileid="5" />
                <SequencePoint vc="0" uspid="124" ordinal="7" offset="67" sl="55" sc="4" el="55" ec="76" bec="0" bev="0" fileid="5" />
                <SequencePoint vc="0" uspid="125" ordinal="8" offset="78" sl="56" sc="4" el="56" ec="76" bec="0" bev="0" fileid="5" />
                <SequencePoint vc="0" uspid="126" ordinal="9" offset="89" sl="57" sc="4" el="57" ec="78" bec="0" bev="0" fileid="5" />
                <SequencePoint vc="0" uspid="127" ordinal="10" offset="100" sl="58" sc="4" el="58" ec="78" bec="0" bev="0" fileid="5" />
                <SequencePoint vc="0" uspid="128" ordinal="11" offset="111" sl="59" sc="4" el="59" ec="36" bec="0" bev="0" fileid="5" />
                <SequencePoint vc="0" uspid="129" ordinal="12" offset="123" sl="60" sc="4" el="60" ec="25" bec="0" bev="0" fileid="5" />
                <SequencePoint vc="0" uspid="130" ordinal="13" offset="130" sl="64" sc="4" el="67" ec="33" bec="0" bev="0" fileid="5" />
                <SequencePoint vc="0" uspid="131" ordinal="14" offset="182" sl="68" sc="4" el="68" ec="62" bec="0" bev="0" fileid="5" />
                <SequencePoint vc="0" uspid="132" ordinal="15" offset="201" sl="69" sc="4" el="69" ec="40" bec="0" bev="0" fileid="5" />
                <SequencePoint vc="0" uspid="133" ordinal="16" offset="218" sl="70" sc="4" el="70" ec="60" bec="0" bev="0" fileid="5" />
                <SequencePoint vc="0" uspid="134" ordinal="17" offset="242" sl="71" sc="4" el="71" ec="33" bec="0" bev="0" fileid="5" />
                <SequencePoint vc="0" uspid="135" ordinal="18" offset="255" sl="72" sc="4" el="72" ec="40" bec="0" bev="0" fileid="5" />
                <SequencePoint vc="0" uspid="136" ordinal="19" offset="272" sl="76" sc="4" el="79" ec="31" bec="0" bev="0" fileid="5" />
                <SequencePoint vc="0" uspid="137" ordinal="20" offset="324" sl="80" sc="4" el="80" ec="58" bec="0" bev="0" fileid="5" />
                <SequencePoint vc="0" uspid="138" ordinal="21" offset="341" sl="81" sc="4" el="81" ec="68" bec="0" bev="0" fileid="5" />
                <SequencePoint vc="0" uspid="139" ordinal="22" offset="362" sl="82" sc="4" el="82" ec="41" bec="0" bev="0" fileid="5" />
                <SequencePoint vc="0" uspid="140" ordinal="23" offset="379" sl="86" sc="4" el="88" ec="35" bec="0" bev="0" fileid="5" />
                <SequencePoint vc="0" uspid="141" ordinal="24" offset="422" sl="89" sc="4" el="89" ec="62" bec="0" bev="0" fileid="5" />
                <SequencePoint vc="0" uspid="142" ordinal="25" offset="439" sl="90" sc="4" el="90" ec="71" bec="0" bev="0" fileid="5" />
                <SequencePoint vc="0" uspid="143" ordinal="26" offset="460" sl="91" sc="4" el="91" ec="45" bec="0" bev="0" fileid="5" />
                <SequencePoint vc="0" uspid="144" ordinal="27" offset="477" sl="95" sc="4" el="95" ec="66" bec="0" bev="0" fileid="5" />
                <SequencePoint vc="0" uspid="145" ordinal="28" offset="494" sl="96" sc="4" el="96" ec="73" bec="0" bev="0" fileid="5" />
                <SequencePoint vc="0" uspid="146" ordinal="29" offset="518" sl="97" sc="4" el="97" ec="49" bec="0" bev="0" fileid="5" />
                <SequencePoint vc="0" uspid="147" ordinal="30" offset="535" sl="101" sc="4" el="101" ec="66" bec="0" bev="0" fileid="5" />
                <SequencePoint vc="0" uspid="148" ordinal="31" offset="552" sl="102" sc="4" el="102" ec="73" bec="0" bev="0" fileid="5" />
                <SequencePoint vc="0" uspid="149" ordinal="32" offset="576" sl="103" sc="4" el="103" ec="49" bec="0" bev="0" fileid="5" />
                <SequencePoint vc="0" uspid="150" ordinal="33" offset="593" sl="107" sc="4" el="107" ec="56" bec="0" bev="0" fileid="5" />
                <SequencePoint vc="0" uspid="151" ordinal="34" offset="610" sl="108" sc="4" el="108" ec="67" bec="0" bev="0" fileid="5" />
                <SequencePoint vc="0" uspid="152" ordinal="35" offset="630" sl="112" sc="4" el="112" ec="58" bec="0" bev="0" fileid="5" />
                <SequencePoint vc="0" uspid="153" ordinal="36" offset="647" sl="113" sc="4" el="113" ec="69" bec="0" bev="0" fileid="5" />
                <SequencePoint vc="0" uspid="154" ordinal="37" offset="668" sl="114" sc="4" el="114" ec="41" bec="0" bev="0" fileid="5" />
                <SequencePoint vc="0" uspid="155" ordinal="38" offset="685" sl="118" sc="4" el="118" ec="58" bec="0" bev="0" fileid="5" />
                <SequencePoint vc="0" uspid="156" ordinal="39" offset="702" sl="119" sc="4" el="119" ec="68" bec="0" bev="0" fileid="5" />
                <SequencePoint vc="0" uspid="157" ordinal="40" offset="723" sl="120" sc="4" el="120" ec="41" bec="0" bev="0" fileid="5" />
                <SequencePoint vc="0" uspid="158" ordinal="41" offset="740" sl="124" sc="4" el="125" ec="33" bec="0" bev="0" fileid="5" />
                <SequencePoint vc="0" uspid="159" ordinal="42" offset="774" sl="126" sc="4" el="126" ec="62" bec="0" bev="0" fileid="5" />
                <SequencePoint vc="0" uspid="160" ordinal="43" offset="791" sl="127" sc="4" el="127" ec="70" bec="0" bev="0" fileid="5" />
                <SequencePoint vc="0" uspid="161" ordinal="44" offset="812" sl="128" sc="4" el="128" ec="45" bec="0" bev="0" fileid="5" />
                <SequencePoint vc="0" uspid="162" ordinal="45" offset="829" sl="132" sc="4" el="132" ec="62" bec="0" bev="0" fileid="5" />
                <SequencePoint vc="0" uspid="163" ordinal="46" offset="846" sl="133" sc="4" el="133" ec="71" bec="0" bev="0" fileid="5" />
                <SequencePoint vc="0" uspid="164" ordinal="47" offset="867" sl="134" sc="4" el="134" ec="45" bec="0" bev="0" fileid="5" />
                <SequencePoint vc="0" uspid="165" ordinal="48" offset="884" sl="135" sc="4" el="135" ec="97" bec="0" bev="0" fileid="5" />
                <SequencePoint vc="0" uspid="166" ordinal="49" offset="908" sl="139" sc="4" el="139" ec="65" bec="0" bev="0" fileid="5" />
                <SequencePoint vc="0" uspid="167" ordinal="50" offset="930" sl="140" sc="4" el="140" ec="65" bec="0" bev="0" fileid="5" />
                <SequencePoint vc="0" uspid="168" ordinal="51" offset="938" sl="141" sc="4" el="141" ec="56" bec="0" bev="0" fileid="5" />
                <SequencePoint vc="0" uspid="169" ordinal="52" offset="960" sl="142" sc="4" el="142" ec="39" bec="0" bev="0" fileid="5" />
                <SequencePoint vc="0" uspid="170" ordinal="53" offset="978" sl="143" sc="4" el="143" ec="31" bec="0" bev="0" fileid="5" />
                <SequencePoint vc="0" uspid="171" ordinal="54" offset="986" sl="144" sc="4" el="144" ec="41" bec="0" bev="0" fileid="5" />
                <SequencePoint vc="0" uspid="172" ordinal="55" offset="999" sl="145" sc="4" el="145" ec="27" bec="0" bev="0" fileid="5" />
                <SequencePoint vc="0" uspid="173" ordinal="56" offset="1011" sl="146" sc="4" el="146" ec="36" bec="0" bev="0" fileid="5" />
                <SequencePoint vc="0" uspid="174" ordinal="57" offset="1023" sl="147" sc="4" el="147" ec="40" bec="0" bev="0" fileid="5" />
                <SequencePoint vc="0" uspid="175" ordinal="58" offset="1036" sl="148" sc="4" el="148" ec="36" bec="0" bev="0" fileid="5" />
                <SequencePoint vc="0" uspid="176" ordinal="59" offset="1048" sl="149" sc="4" el="149" ec="29" bec="0" bev="0" fileid="5" />
                <SequencePoint vc="0" uspid="177" ordinal="60" offset="1056" sl="150" sc="4" el="150" ec="25" bec="0" bev="0" fileid="5" />
                <SequencePoint vc="0" uspid="178" ordinal="61" offset="1063" sl="152" sc="3" el="152" ec="4" bec="0" bev="0" fileid="5" />
              </SequencePoints>
              <BranchPoints />
              <MethodPoint xsi:type="SequencePoint" vc="0" uspid="117" ordinal="0" offset="0" sl="48" sc="3" el="48" ec="4" bec="0" bev="0" fileid="5" />
            </Method>
          </Methods>
        </Class>
        <Class>
          <Summary numSequencePoints="5" visitedSequencePoints="0" numBranchPoints="1" visitedBranchPoints="0" sequenceCoverage="0" branchCoverage="0" maxCyclomaticComplexity="1" minCyclomaticComplexity="1" />
          <FullName>WareHouseAnalysis.Program</FullName>
          <Methods>
            <Method visited="false" cyclomaticComplexity="1" sequenceCoverage="0" branchCoverage="0" isConstructor="false" isStatic="true" isGetter="false" isSetter="false">
              <Summary numSequencePoints="5" visitedSequencePoints="0" numBranchPoints="1" visitedBranchPoints="0" sequenceCoverage="0" branchCoverage="0" maxCyclomaticComplexity="1" minCyclomaticComplexity="1" />
              <MetadataToken>100663316</MetadataToken>
              <Name>System.Void WareHouseAnalysis.Program::Main(System.String[])</Name>
              <FileRef uid="7" />
              <SequencePoints>
                <SequencePoint vc="0" uspid="179" ordinal="0" offset="0" sl="24" sc="3" el="24" ec="4" bec="0" bev="0" fileid="7" />
                <SequencePoint vc="0" uspid="180" ordinal="1" offset="1" sl="25" sc="4" el="25" ec="37" bec="0" bev="0" fileid="7" />
                <SequencePoint vc="0" uspid="181" ordinal="2" offset="7" sl="26" sc="4" el="26" ec="57" bec="0" bev="0" fileid="7" />
                <SequencePoint vc="0" uspid="182" ordinal="3" offset="14" sl="27" sc="4" el="27" ec="36" bec="0" bev="0" fileid="7" />
                <SequencePoint vc="0" uspid="183" ordinal="4" offset="25" sl="28" sc="3" el="28" ec="4" bec="0" bev="0" fileid="7" />
              </SequencePoints>
              <BranchPoints />
              <MethodPoint xsi:type="SequencePoint" vc="0" uspid="179" ordinal="0" offset="0" sl="24" sc="3" el="24" ec="4" bec="0" bev="0" fileid="7" />
            </Method>
            <Method visited="false" cyclomaticComplexity="1" sequenceCoverage="0" branchCoverage="0" isConstructor="true" isStatic="false" isGetter="false" isSetter="false">
              <Summary numSequencePoints="0" visitedSequencePoints="0" numBranchPoints="0" visitedBranchPoints="0" sequenceCoverage="0" branchCoverage="0" maxCyclomaticComplexity="1" minCyclomaticComplexity="1" />
              <MetadataToken>100663317</MetadataToken>
              <Name>System.Void WareHouseAnalysis.Program::.ctor()</Name>
              <SequencePoints />
              <BranchPoints />
              <MethodPoint vc="0" uspid="184" ordinal="0" offset="0" />
            </Method>
          </Methods>
        </Class>
        <Class>
          <Summary numSequencePoints="10" visitedSequencePoints="10" numBranchPoints="3" visitedBranchPoints="3" sequenceCoverage="100" branchCoverage="100" maxCyclomaticComplexity="2" minCyclomaticComplexity="1" />
          <FullName>WareHouseAnalysis.Test.TestCProjectInfoBLL</FullName>
          <Methods>
            <Method visited="true" cyclomaticComplexity="2" sequenceCoverage="100" branchCoverage="100" isConstructor="false" isStatic="false" isGetter="false" isSetter="false">
              <Summary numSequencePoints="10" visitedSequencePoints="10" numBranchPoints="3" visitedBranchPoints="3" sequenceCoverage="100" branchCoverage="100" maxCyclomaticComplexity="2" minCyclomaticComplexity="2" />
              <MetadataToken>100663318</MetadataToken>
              <Name>System.Void WareHouseAnalysis.Test.TestCProjectInfoBLL::TestProjectAdd()</Name>
              <FileRef uid="8" />
              <SequencePoints>
                <SequencePoint vc="1" uspid="185" ordinal="0" offset="0" sl="21" sc="3" el="21" ec="4" bec="0" bev="0" fileid="8" />
                <SequencePoint vc="1" uspid="186" ordinal="1" offset="1" sl="23" sc="8" el="23" ec="16" bec="0" bev="0" fileid="8" />
                <SequencePoint vc="10" uspid="187" ordinal="2" offset="5" sl="24" sc="4" el="24" ec="5" bec="0" bev="0" fileid="8" />
                <SequencePoint vc="10" uspid="188" ordinal="3" offset="6" sl="25" sc="5" el="25" ec="34" bec="0" bev="0" fileid="8" />
                <SequencePoint vc="10" uspid="189" ordinal="4" offset="12" sl="26" sc="5" el="26" ec="42" bec="0" bev="0" fileid="8" />
                <SequencePoint vc="10" uspid="190" ordinal="5" offset="36" sl="27" sc="5" el="27" ec="40" bec="0" bev="0" fileid="8" />
                <SequencePoint vc="10" uspid="191" ordinal="6" offset="43" sl="28" sc="4" el="28" ec="5" bec="0" bev="0" fileid="8" />
                <SequencePoint vc="10" uspid="192" ordinal="7" offset="44" sl="23" sc="21" el="23" ec="24" bec="0" bev="0" fileid="8" />
                <SequencePoint vc="11" uspid="193" ordinal="8" offset="48" sl="23" sc="16" el="23" ec="20" bec="2" bev="2" fileid="8" />
                <SequencePoint vc="1" uspid="194" ordinal="9" offset="57" sl="29" sc="3" el="29" ec="4" bec="0" bev="0" fileid="8" />
              </SequencePoints>
              <BranchPoints>
                <BranchPoint vc="1" uspid="195" ordinal="0" offset="55" path="0" offsetchain="" offsetend="57" />
                <BranchPoint vc="10" uspid="196" ordinal="1" offset="55" path="1" offsetchain="" offsetend="5" />
              </BranchPoints>
              <MethodPoint xsi:type="SequencePoint" vc="1" uspid="185" ordinal="0" offset="0" sl="21" sc="3" el="21" ec="4" bec="0" bev="0" fileid="8" />
            </Method>
            <Method visited="true" cyclomaticComplexity="1" sequenceCoverage="0" branchCoverage="0" isConstructor="true" isStatic="false" isGetter="false" isSetter="false">
              <Summary numSequencePoints="0" visitedSequencePoints="0" numBranchPoints="0" visitedBranchPoints="0" sequenceCoverage="0" branchCoverage="0" maxCyclomaticComplexity="1" minCyclomaticComplexity="1" />
              <MetadataToken>100663319</MetadataToken>
              <Name>System.Void WareHouseAnalysis.Test.TestCProjectInfoBLL::.ctor()</Name>
              <SequencePoints />
              <BranchPoints />
              <MethodPoint vc="1" uspid="197" ordinal="0" offset="0" />
            </Method>
          </Methods>
        </Class>
      </Classes>
    </Module>
    <Module skippedDueTo="Filter" hash="3F-3A-1C-D3-C8-BD-4F-03-CC-62-09-6C-42-B8-13-7F-7F-EC-BE-CE">
      <FullName>C:\WINDOWS\Microsoft.Net\assembly\GAC_MSIL\System.Windows.Forms\v4.0_4.0.0.0__b77a5c561934e089\System.Windows.Forms.dll</FullName>
      <ModuleName>System.Windows.Forms</ModuleName>
      <Classes />
    </Module>
    <Module skippedDueTo="Filter" hash="15-FC-47-10-FB-98-F0-CC-0F-DE-69-1C-99-74-AF-3C-C4-CB-90-03">
      <FullName>C:\WINDOWS\Microsoft.Net\assembly\GAC_MSIL\System.Drawing\v4.0_4.0.0.0__b03f5f7f11d50a3a\System.Drawing.dll</FullName>
      <ModuleName>System.Drawing</ModuleName>
      <Classes />
    </Module>
    <Module skippedDueTo="MissingPdb" hash="42-83-FE-A6-9F-01-8E-2C-E8-41-E9-25-3E-1E-0D-99-81-76-6B-C9">
      <FullName>C:\Users\Dengyong\AppData\Local\Temp\nunit20\ShadowCopyCache\8536_636607877173778836\Tests_284477281\assembly\dl3\3bb096ad\0024ba17_1fbfcf01\nunit.framework.dll</FullName>
      <ModuleName>nunit.framework</ModuleName>
      <Classes />
    </Module>
    <Module skippedDueTo="Filter" hash="62-13-DF-BA-4D-76-38-3A-FE-E9-5E-D8-6C-07-CC-1D-A2-DE-73-52">
      <FullName>C:\WINDOWS\Microsoft.Net\assembly\GAC_MSIL\System.Configuration\v4.0_4.0.0.0__b03f5f7f11d50a3a\System.Configuration.dll</FullName>
      <ModuleName>System.Configuration</ModuleName>
      <Classes />
    </Module>
    <Module skippedDueTo="MissingPdb" hash="F4-CF-98-FC-12-3A-CC-7C-9D-B9-03-ED-B1-D5-24-0B-8E-72-BA-E3">
      <FullName>C:\Users\Dengyong\AppData\Local\Temp\nunit20\ShadowCopyCache\8536_636607877173778836\Tests_284477281\assembly\dl3\934c5ff3\008d9632_bdd0d301\NHibernate.dll</FullName>
      <ModuleName>NHibernate</ModuleName>
      <Classes />
    </Module>
    <Module skippedDueTo="Filter" hash="14-39-BA-31-C2-3C-B7-EE-90-C3-1C-1C-D1-51-7F-15-30-D5-95-A8">
      <FullName>C:\WINDOWS\Microsoft.Net\assembly\GAC_32\System.Data\v4.0_4.0.0.0__b77a5c561934e089\System.Data.dll</FullName>
      <ModuleName>System.Data</ModuleName>
      <Classes />
    </Module>
    <Module skippedDueTo="Filter" hash="00-E4-8B-23-28-1E-7A-F6-0F-D2-F5-0F-0B-97-50-BC-55-63-B2-9D">
      <FullName>C:\WINDOWS\Microsoft.Net\assembly\GAC_MSIL\System.Core\v4.0_4.0.0.0__b77a5c561934e089\System.Core.dll</FullName>
      <ModuleName>System.Core</ModuleName>
      <Classes />
    </Module>
    <Module skippedDueTo="Filter" hash="1F-0E-B5-68-3B-A8-A3-42-F9-03-64-82-30-7B-10-40-5E-33-05-20">
      <FullName>C:\WINDOWS\Microsoft.Net\assembly\GAC_MSIL\System.Xml.resources\v4.0_4.0.0.0_zh-Hans_b77a5c561934e089\System.Xml.resources.dll</FullName>
      <ModuleName>System.xml.resources</ModuleName>
      <Classes />
    </Module>
    <Module skippedDueTo="MissingPdb" hash="">
      <FullName>RefEmit_InMemoryManifestModule</FullName>
      <ModuleName>Microsoft.GeneratedCode</ModuleName>
      <Classes />
    </Module>
    <Module skippedDueTo="Filter" hash="43-2E-6A-4E-42-C5-B5-A0-58-83-1D-BD-1D-A2-A9-F8-DD-95-24-D4">
      <FullName>C:\WINDOWS\Microsoft.Net\assembly\GAC_MSIL\System.Xml.Linq\v4.0_4.0.0.0__b77a5c561934e089\System.Xml.Linq.dll</FullName>
      <ModuleName>System.Xml.Linq</ModuleName>
      <Classes />
    </Module>
    <Module skippedDueTo="Filter" hash="BE-F7-ED-F7-15-7E-3D-83-7E-31-E9-45-30-72-69-CF-CB-DF-CB-A8">
      <FullName>C:\Users\Dengyong\AppData\Local\Temp\nunit20\ShadowCopyCache\8536_636607877173778836\Tests_284477281\assembly\dl3\62393c1f\0082545b_cf99d101\System.Data.SQLite.dll</FullName>
      <ModuleName>System.Data.SQLite</ModuleName>
      <Classes />
    </Module>
    <Module skippedDueTo="Filter" hash="93-C5-56-B6-CA-39-23-EE-93-DB-70-FC-52-78-49-D5-11-65-81-59">
      <FullName>C:\WINDOWS\Microsoft.Net\assembly\GAC_32\System.Transactions\v4.0_4.0.0.0__b77a5c561934e089\System.Transactions.dll</FullName>
      <ModuleName>System.Transactions</ModuleName>
      <Classes />
    </Module>
    <Module skippedDueTo="Filter" hash="3D-4E-36-38-4C-F7-1C-61-A1-10-93-60-E6-9F-83-66-67-02-09-DA">
      <FullName>C:\WINDOWS\Microsoft.Net\assembly\GAC_32\System.EnterpriseServices\v4.0_4.0.0.0__b03f5f7f11d50a3a\System.EnterpriseServices.dll</FullName>
      <ModuleName>System.EnterpriseServices</ModuleName>
      <Classes />
    </Module>
    <Module skippedDueTo="Filter" hash="10-59-9A-A7-6D-6E-29-57-52-A6-F4-07-E8-65-83-31-78-46-69-05">
      <FullName>C:\WINDOWS\Microsoft.Net\assembly\GAC_MSIL\System.Numerics\v4.0_4.0.0.0__b77a5c561934e089\System.Numerics.dll</FullName>
      <ModuleName>System.Numerics</ModuleName>
      <Classes />
    </Module>
    <Module skippedDueTo="MissingPdb" hash="E4-DE-ED-F8-E7-EB-45-34-B2-37-2A-FB-3E-6B-99-B1-8D-C6-06-6F">
      <FullName>C:\Users\Dengyong\AppData\Local\Temp\nunit20\ShadowCopyCache\8536_636607877173778836\Tests_284477281\assembly\dl3\6685f7ba\0089cb85_94b6d301\Iesi.Collections.dll</FullName>
      <ModuleName>Iesi.Collections</ModuleName>
      <Classes />
    </Module>
  </Modules>
</CoverageSession>